2024-03-20T19:37:56.691Z 0: 

----------------------------------------------
2024-03-20T19:37:56.697Z 1: Discord starting: {"releaseChannel":"stable","version":"0.0.46"}, modulepath: /home/fetzy/.config/discord/0.0.46/modules
2024-03-20T19:37:56.702Z 2: ✅ webContents.created web1 ""
2024-03-20T19:37:56.707Z 3: ✅ window.created win1 "discord"
2024-03-20T19:37:56.885Z 4: ✅ webContents.did-finish-load web1
2024-03-20T19:37:59.579Z 5: ✅ webContents.created web2 ""
2024-03-20T19:37:59.586Z 6: ✅ window.created win2 "Discord"
2024-03-20T19:38:02.027Z 7: ✅ webContents.did-finish-load web2
2024-03-20T19:38:02.126Z 8: window.close win1
2024-03-20T19:38:02.135Z 9: webContents.destroyed web1
2024-03-20T19:38:02.140Z 10: window.closed win1
2024-03-20T19:43:30.132Z 11: before-quit
2024-03-20T19:43:30.139Z 12: window.close win2
2024-03-20T19:43:30.199Z 13: webContents.destroyed web2
2024-03-20T19:43:38.851Z 0: 

----------------------------------------------
2024-03-20T19:43:38.873Z 1: Discord starting: {"releaseChannel":"stable","version":"0.0.46"}, modulepath: /home/fetzy/.config/discord/0.0.46/modules
2024-03-20T19:43:38.878Z 2: ✅ webContents.created web1 "index.html"
2024-03-20T19:43:38.883Z 3: ✅ window.created win1 "discord"
2024-03-20T19:43:39.046Z 4: ✅ webContents.did-finish-load web1
2024-03-20T19:43:39.305Z 5: ✅ webContents.created web2 ""
2024-03-20T19:43:39.311Z 6: ✅ window.created win2 "Discord"
2024-03-20T19:43:43.052Z 7: ✅ webContents.did-finish-load web2
2024-03-20T19:43:43.151Z 8: window.close win1
2024-03-20T19:43:43.160Z 9: webContents.destroyed web1
2024-03-20T19:43:43.165Z 10: window.closed win1
2024-03-20T19:43:44.269Z 11: ✅ webContents.did-finish-load web2
2024-03-20T20:14:56.587Z 12: window.close win2
2024-03-20T20:16:37.145Z 0: 

----------------------------------------------
2024-03-20T20:24:18.876Z 13: before-quit
2024-03-20T20:27:08.007Z 0: 

----------------------------------------------
2024-03-20T20:27:08.017Z 1: Discord starting: {"releaseChannel":"stable","version":"0.0.46"}, modulepath: /home/fetzy/.config/discord/0.0.46/modules
2024-03-20T20:27:08.023Z 2: ✅ webContents.created web1 ""
2024-03-20T20:27:08.028Z 3: ✅ window.created win1 "discord"
2024-03-20T20:27:08.192Z 4: ✅ webContents.did-finish-load web1
2024-03-20T20:27:08.422Z 5: ✅ webContents.created web2 ""
2024-03-20T20:27:08.427Z 6: ✅ window.created win2 "Discord"
2024-03-20T20:27:09.335Z 7: ✅ webContents.did-finish-load web2
2024-03-20T20:27:09.434Z 8: window.close win1
2024-03-20T20:27:09.442Z 9: webContents.destroyed web1
2024-03-20T20:27:09.447Z 10: window.closed win1
2024-03-20T21:22:28.490Z 11: before-quit
2024-03-20T21:30:31.205Z 0: 

----------------------------------------------
2024-03-20T21:30:31.215Z 1: Discord starting: {"releaseChannel":"stable","version":"0.0.46"}, modulepath: /home/fetzy/.config/discord/0.0.46/modules
2024-03-20T21:30:31.220Z 2: ✅ webContents.created web1 ""
2024-03-20T21:30:31.225Z 3: ✅ window.created win1 "discord"
2024-03-20T21:30:31.429Z 4: ✅ webContents.did-finish-load web1
2024-03-20T21:30:31.695Z 5: ✅ webContents.created web2 ""
2024-03-20T21:30:31.700Z 6: ✅ window.created win2 "Discord"
2024-03-20T21:30:32.642Z 7: ✅ webContents.did-finish-load web2
2024-03-20T21:30:32.742Z 8: window.close win1
2024-03-20T21:30:32.750Z 9: webContents.destroyed web1
2024-03-20T21:30:32.755Z 10: window.closed win1
2024-03-20T21:32:48.981Z 0: 

----------------------------------------------
2024-03-20T21:32:48.990Z 1: Discord starting: {"releaseChannel":"stable","version":"0.0.46"}, modulepath: /home/fetzy/.config/discord/0.0.46/modules
2024-03-20T21:32:49.000Z 2: ✅ webContents.created web1 ""
2024-03-20T21:32:49.009Z 3: ✅ window.created win1 "discord"
2024-03-20T21:32:49.169Z 4: ✅ webContents.did-finish-load web1
2024-03-20T21:33:39.954Z 5: window.close win1
2024-03-20T21:33:42.699Z 0: 

----------------------------------------------
2024-03-20T21:33:42.709Z 1: Discord starting: {"releaseChannel":"stable","version":"0.0.46"}, modulepath: /home/fetzy/.config/discord/0.0.46/modules
2024-03-20T21:33:42.714Z 2: ✅ webContents.created web1 ""
2024-03-20T21:33:42.719Z 3: ✅ window.created win1 "discord"
2024-03-20T21:33:42.879Z 4: ✅ webContents.did-finish-load web1
2024-03-20T21:41:39.722Z 5: window.close win1
2024-03-20T21:51:01.587Z 0: 

----------------------------------------------
2024-03-20T21:51:01.597Z 1: Discord starting: {"releaseChannel":"stable","version":"0.0.46"}, modulepath: /home/fetzy/.config/discord/0.0.46/modules
2024-03-20T21:51:01.602Z 2: ✅ webContents.created web1 ""
2024-03-20T21:51:01.607Z 3: ✅ window.created win1 "discord"
2024-03-20T21:51:01.801Z 4: ✅ webContents.did-finish-load web1
2024-03-20T21:51:02.036Z 5: ✅ webContents.created web2 ""
2024-03-20T21:51:02.041Z 6: ✅ window.created win2 "Discord"
2024-03-20T21:51:02.894Z 7: ✅ webContents.did-finish-load web2
2024-03-20T21:51:02.995Z 8: window.close win1
2024-03-20T21:51:03.003Z 9: webContents.destroyed web1
2024-03-20T21:51:03.008Z 10: window.closed win1
2024-03-20T22:09:33.373Z 11: before-quit
2024-03-21T00:04:28.667Z 0: 

----------------------------------------------
2024-03-21T00:04:28.676Z 1: Discord starting: {"releaseChannel":"stable","version":"0.0.46"}, modulepath: /home/fetzy/.config/discord/0.0.46/modules
2024-03-21T00:04:28.682Z 2: ✅ webContents.created web1 ""
2024-03-21T00:04:28.687Z 3: ✅ window.created win1 "discord"
2024-03-21T00:04:28.911Z 4: ✅ webContents.did-finish-load web1
2024-03-21T00:04:29.123Z 5: ✅ webContents.created web2 ""
2024-03-21T00:04:29.129Z 6: ✅ window.created win2 "Discord"
2024-03-21T00:04:30.263Z 7: ✅ webContents.did-finish-load web2
2024-03-21T00:04:30.362Z 8: window.close win1
2024-03-21T00:04:30.367Z 9: webContents.destroyed web1
2024-03-21T00:04:30.372Z 10: window.closed win1
2024-03-21T00:29:50.924Z 11: before-quit
2024-03-21T00:33:47.147Z 0: 

----------------------------------------------
2024-03-21T00:33:47.157Z 1: Discord starting: {"releaseChannel":"stable","version":"0.0.46"}, modulepath: /home/fetzy/.config/discord/0.0.46/modules
2024-03-21T00:33:47.162Z 2: ✅ webContents.created web1 ""
2024-03-21T00:33:47.167Z 3: ✅ window.created win1 "discord"
2024-03-21T00:33:47.360Z 4: ✅ webContents.did-finish-load web1
2024-03-21T00:33:47.572Z 5: ✅ webContents.created web2 ""
2024-03-21T00:33:47.578Z 6: ✅ window.created win2 "Discord"
2024-03-21T00:33:48.641Z 7: ✅ webContents.did-finish-load web2
2024-03-21T00:33:48.740Z 8: window.close win1
2024-03-21T00:33:48.749Z 9: webContents.destroyed web1
2024-03-21T00:33:48.754Z 10: window.closed win1
2024-03-21T01:41:10.180Z 11: before-quit
2024-03-21T01:46:02.973Z 0: 

----------------------------------------------
2024-03-21T01:46:02.983Z 1: Discord starting: {"releaseChannel":"stable","version":"0.0.46"}, modulepath: /home/fetzy/.config/discord/0.0.46/modules
2024-03-21T01:46:02.989Z 2: ✅ webContents.created web1 ""
2024-03-21T01:46:02.994Z 3: ✅ window.created win1 "discord"
2024-03-21T01:46:03.173Z 4: ✅ webContents.did-finish-load web1
2024-03-21T01:46:03.470Z 5: ✅ webContents.created web2 ""
2024-03-21T01:46:03.475Z 6: ✅ window.created win2 "Discord"
2024-03-21T01:46:04.386Z 7: ✅ webContents.did-finish-load web2
2024-03-21T01:46:04.485Z 8: window.close win1
2024-03-21T01:46:04.493Z 9: webContents.destroyed web1
2024-03-21T01:46:04.498Z 10: window.closed win1
2024-03-21T01:46:19.197Z 11: window.close win2
2024-03-21T01:46:22.116Z 0: 

----------------------------------------------
2024-03-21T01:46:22.124Z 1: Discord starting: {"releaseChannel":"stable","version":"0.0.46"}, modulepath: /home/fetzy/.config/discord/0.0.46/modules
2024-03-21T01:55:29.654Z 12: before-quit
2024-03-21T01:57:05.418Z 0: 

----------------------------------------------
2024-03-21T01:57:05.428Z 1: Discord starting: {"releaseChannel":"stable","version":"0.0.46"}, modulepath: /home/fetzy/.config/discord/0.0.46/modules
2024-03-21T01:57:05.434Z 2: ✅ webContents.created web1 ""
2024-03-21T01:57:05.439Z 3: ✅ window.created win1 "discord"
2024-03-21T01:57:05.624Z 4: ✅ webContents.did-finish-load web1
2024-03-21T01:57:05.826Z 5: ✅ webContents.created web2 ""
2024-03-21T01:57:05.831Z 6: ✅ window.created win2 "Discord"
2024-03-21T01:57:06.760Z 7: ✅ webContents.did-finish-load web2
2024-03-21T01:57:06.859Z 8: window.close win1
2024-03-21T01:57:06.867Z 9: webContents.destroyed web1
2024-03-21T01:57:06.872Z 10: window.closed win1
2024-03-21T16:37:28.376Z 11: window.close win2
2024-03-21T16:37:42.513Z 0: 

----------------------------------------------
2024-03-21T16:37:42.524Z 1: Discord starting: {"releaseChannel":"stable","version":"0.0.46"}, modulepath: /home/fetzy/.config/discord/0.0.46/modules
2024-03-21T16:37:42.530Z 2: ✅ webContents.created web1 ""
2024-03-21T16:37:42.535Z 3: ✅ window.created win1 "discord"
2024-03-21T16:37:42.709Z 4: ✅ webContents.did-finish-load web1
2024-03-21T16:37:42.922Z 5: ✅ webContents.created web2 ""
2024-03-21T16:37:42.937Z 6: ✅ window.created win2 "Discord"
2024-03-21T16:37:47.455Z 7: ✅ webContents.did-finish-load web2
2024-03-21T16:37:47.555Z 8: window.close win1
2024-03-21T16:37:47.564Z 9: webContents.destroyed web1
2024-03-21T16:37:47.569Z 10: window.closed win1
2024-03-21T16:43:52.203Z 12: before-quit
2024-03-21T16:43:52.204Z 11: before-quit
2024-03-21T22:28:19.029Z 0: 

----------------------------------------------
2024-03-21T22:28:19.039Z 1: Discord starting: {"releaseChannel":"stable","version":"0.0.46"}, modulepath: /home/fetzy/.config/discord/0.0.46/modules
2024-03-21T22:28:19.044Z 2: ✅ webContents.created web1 ""
2024-03-21T22:28:19.049Z 3: ✅ window.created win1 "discord"
2024-03-21T22:28:19.255Z 4: ✅ webContents.did-finish-load web1
2024-03-21T22:28:19.459Z 5: ✅ webContents.created web2 ""
2024-03-21T22:28:19.465Z 6: ✅ window.created win2 "Discord"
2024-03-21T22:28:21.608Z 7: ✅ webContents.did-finish-load web2
2024-03-21T22:28:21.706Z 8: window.close win1
2024-03-21T22:28:21.715Z 9: webContents.destroyed web1
2024-03-21T22:28:21.720Z 10: window.closed win1
2024-03-21T23:04:57.231Z 11: before-quit
2024-03-21T23:04:57.237Z 12: window.close win2
2024-03-21T23:08:26.839Z 0: 

----------------------------------------------
2024-03-21T23:08:26.850Z 1: Discord starting: {"releaseChannel":"stable","version":"0.0.46"}, modulepath: /home/fetzy/.config/discord/0.0.46/modules
2024-03-21T23:08:26.860Z 2: ✅ webContents.created web1 ""
2024-03-21T23:08:26.865Z 3: ✅ window.created win1 "discord"
2024-03-21T23:08:27.019Z 4: ✅ webContents.did-finish-load web1
2024-03-21T23:08:27.219Z 5: ✅ webContents.created web2 ""
2024-03-21T23:08:27.225Z 6: ✅ window.created win2 "Discord"
2024-03-21T23:08:29.920Z 7: ✅ webContents.did-finish-load web2
2024-03-21T23:08:30.019Z 8: window.close win1
2024-03-21T23:08:30.025Z 9: webContents.destroyed web1
2024-03-21T23:08:30.030Z 10: window.closed win1
2024-03-22T00:22:24.805Z 11: window.close win2
2024-03-22T00:38:25.586Z 0: 

----------------------------------------------
2024-03-22T00:38:25.596Z 1: Discord starting: {"releaseChannel":"stable","version":"0.0.46"}, modulepath: /home/fetzy/.config/discord/0.0.46/modules
2024-03-22T00:38:25.601Z 2: ✅ webContents.created web1 ""
2024-03-22T00:38:25.606Z 3: ✅ window.created win1 "discord"
2024-03-22T00:38:25.760Z 4: ✅ webContents.did-finish-load web1
2024-03-22T00:38:26.004Z 5: ✅ webContents.created web2 ""
2024-03-22T00:38:26.009Z 6: ✅ window.created win2 "Discord"
2024-03-22T00:38:30.559Z 7: ✅ webContents.did-finish-load web2
2024-03-22T00:38:30.658Z 8: window.close win1
2024-03-22T00:38:30.663Z 9: webContents.destroyed web1
2024-03-22T00:38:30.667Z 10: window.closed win1
2024-03-22T01:02:44.370Z 12: window.close win2
2024-03-22T01:02:51.080Z 11: before-quit
2024-03-22T01:02:51.087Z 12: window.close win2
2024-03-22T01:02:51.097Z 13: webContents.destroyed web2
2024-03-22T01:02:54.501Z 13: before-quit
2024-03-22T01:02:57.660Z 0: 

----------------------------------------------
2024-03-22T01:02:57.678Z 1: Discord starting: {"releaseChannel":"stable","version":"0.0.46"}, modulepath: /home/fetzy/.config/discord/0.0.46/modules
2024-03-22T01:02:57.683Z 2: ✅ webContents.created web1 ""
2024-03-22T01:02:57.688Z 3: ✅ window.created win1 "discord"
2024-03-22T01:02:57.863Z 4: ✅ webContents.did-finish-load web1
2024-03-22T01:02:58.199Z 5: ✅ webContents.created web2 ""
2024-03-22T01:02:58.204Z 6: ✅ window.created win2 "Discord"
2024-03-22T01:02:59.168Z 7: ✅ webContents.did-finish-load web2
2024-03-22T01:02:59.268Z 8: window.close win1
2024-03-22T01:02:59.275Z 9: webContents.destroyed web1
2024-03-22T01:02:59.280Z 10: window.closed win1
2024-03-22T01:59:54.256Z 11: window.close win2
2024-03-22T02:00:00.102Z 0: 

----------------------------------------------
2024-03-22T02:00:00.111Z 1: Discord starting: {"releaseChannel":"stable","version":"0.0.46"}, modulepath: /home/fetzy/.config/discord/0.0.46/modules
2024-03-22T02:02:11.386Z 12: before-quit
2024-03-22T02:03:50.510Z 0: 

----------------------------------------------
2024-03-22T02:03:50.521Z 1: Discord starting: {"releaseChannel":"stable","version":"0.0.46"}, modulepath: /home/fetzy/.config/discord/0.0.46/modules
2024-03-22T02:03:50.527Z 2: ✅ webContents.created web1 ""
2024-03-22T02:03:50.532Z 3: ✅ window.created win1 "discord"
2024-03-22T02:03:50.748Z 4: ✅ webContents.did-finish-load web1
2024-03-22T02:03:50.991Z 5: ✅ webContents.created web2 ""
2024-03-22T02:03:50.996Z 6: ✅ window.created win2 "Discord"
2024-03-22T02:03:52.000Z 7: ✅ webContents.did-finish-load web2
2024-03-22T02:03:52.099Z 8: window.close win1
2024-03-22T02:03:52.106Z 9: webContents.destroyed web1
2024-03-22T02:03:52.111Z 10: window.closed win1
2024-03-22T03:08:29.949Z 11: before-quit
2024-03-22T03:11:52.204Z 0: 

----------------------------------------------
2024-03-22T03:11:52.223Z 1: Discord starting: {"releaseChannel":"stable","version":"0.0.46"}, modulepath: /home/fetzy/.config/discord/0.0.46/modules
2024-03-22T03:11:52.229Z 2: ✅ webContents.created web1 ""
2024-03-22T03:11:52.234Z 3: ✅ window.created win1 "discord"
2024-03-22T03:11:52.450Z 4: ✅ webContents.did-finish-load web1
2024-03-22T03:11:52.681Z 5: ✅ webContents.created web2 ""
2024-03-22T03:11:52.686Z 6: ✅ window.created win2 "Discord"
2024-03-22T03:11:53.738Z 7: ✅ webContents.did-finish-load web2
2024-03-22T03:11:53.837Z 8: window.close win1
2024-03-22T03:11:53.844Z 9: webContents.destroyed web1
2024-03-22T03:11:53.849Z 10: window.closed win1
2024-03-22T04:43:21.536Z 11: before-quit
2024-04-07T16:30:56.411Z 0: 

----------------------------------------------
2024-04-07T16:30:56.421Z 1: Discord starting: {"releaseChannel":"stable","version":"0.0.46"}, modulepath: /home/fetzy/.config/discord/0.0.46/modules
2024-04-07T16:30:56.426Z 2: ✅ webContents.created web1 ""
2024-04-07T16:30:56.431Z 3: ✅ window.created win1 "discord"
2024-04-07T16:30:56.640Z 4: ✅ webContents.did-finish-load web1
2024-04-07T16:31:05.455Z 5: window.close win1
